Xmu Lecture Original/proguard/seeds.txt
com.lecture.lectureapp.AboutPages
com.lecture.lectureapp.AboutPages: AboutPages()
com.lecture.lectureapp.Appstart
com.lecture.lectureapp.Appstart: Appstart()
com.lecture.lectureapp.CommentView
com.lecture.lectureapp.CommentView: CommentView()
com.lecture.lectureapp.DetailView
com.lecture.lectureapp.DetailView: DetailView()
com.lecture.lectureapp.Guide
com.lecture.lectureapp.Guide: Guide()
com.lecture.lectureapp.MainView
com.lecture.lectureapp.MainView: MainView()
com.lecture.lectureapp.MainView: void save(android.view.View)
com.lecture.lectureapp.MyApplication
com.lecture.lectureapp.MyApplication: MyApplication()
com.lecture.lectureapp.R$anim
com.lecture.lectureapp.R$anim: int fade_in
com.lecture.lectureapp.R$anim: int fade_out
com.lecture.lectureapp.R$anim: int head_in
com.lecture.lectureapp.R$anim: int head_out
com.lecture.lectureapp.R$anim: int hide_in_left
com.lecture.lectureapp.R$anim: int hide_in_right
com.lecture.lectureapp.R$anim: int hold
com.lecture.lectureapp.R$anim: int hold_long
com.lecture.lectureapp.R$anim: int push_bottom_in
com.lecture.lectureapp.R$anim: int push_bottom_out
com.lecture.lectureapp.R$anim: int push_top_in
com.lecture.lectureapp.R$anim: int push_top_in2
com.lecture.lectureapp.R$anim: int push_top_out
com.lecture.lectureapp.R$anim: int push_top_out2
com.lecture.lectureapp.R$anim: int show_in_left
com.lecture.lectureapp.R$anim: int show_in_right
com.lecture.lectureapp.R$anim: int zoom_in
com.lecture.lectureapp.R$anim: int zoom_out
com.lecture.lectureapp.R$anim: R$anim()
com.lecture.lectureapp.R$attr
com.lecture.lectureapp.R$attr: R$attr()
com.lecture.lectureapp.R$color
com.lecture.lectureapp.R$color: int button_normal
com.lecture.lectureapp.R$color: int button_pressed
com.lecture.lectureapp.R$color: int detail_menu_pressed
com.lecture.lectureapp.R$color: int hint_color
com.lecture.lectureapp.R$color: int item_background
com.lecture.lectureapp.R$color: int item_background2
com.lecture.lectureapp.R$color: int item_button_pressed
com.lecture.lectureapp.R$color: int item_content
com.lecture.lectureapp.R$color: int item_line
com.lecture.lectureapp.R$color: int item_title_blue
com.lecture.lectureapp.R$color: int item_title_green
com.lecture.lectureapp.R$color: int item_title_orange
com.lecture.lectureapp.R$color: int item_title_yellow
com.lecture.lectureapp.R$color: int item_transparent
com.lecture.lectureapp.R$color: int main_menu_background
com.lecture.lectureapp.R$color: int main_menu_normal
com.lecture.lectureapp.R$color: int main_menu_pressed
com.lecture.lectureapp.R$color: int main_top_background_color
com.lecture.lectureapp.R$color: int menu_background_color
com.lecture.lectureapp.R$color: int menu_twiter_color
com.lecture.lectureapp.R$color: int popwindow_pressed
com.lecture.lectureapp.R$color: int submit_center_edit_color
com.lecture.lectureapp.R$color: int submit_center_text_color
com.lecture.lectureapp.R$color: int top_background_color
com.lecture.lectureapp.R$color: int top_title_color
com.lecture.lectureapp.R$color: R$color()
com.lecture.lectureapp.R$dimen
com.lecture.lectureapp.R$dimen: int activity_horizontal_margin
com.lecture.lectureapp.R$dimen: int activity_vertical_margin
com.lecture.lectureapp.R$dimen: int submit_center_edit_height
com.lecture.lectureapp.R$dimen: int submit_center_edit_padding
com.lecture.lectureapp.R$dimen: int submit_center_text_margin
com.lecture.lectureapp.R$dimen: R$dimen()
...
android.support.v4.app.ShareCompat$IntentBuilder
android.support.v4.app.ShareCompat$IntentBuilder: android.app.Activity mActivity
android.support.v4.app.ShareCompat$IntentBuilder: android.content.Intent mIntent
android.support.v4.app.ShareCompat$IntentBuilder: java.lang.CharSequence mChooserTitle
android.support.v4.app.ShareCompat$IntentBuilder: java.util.ArrayList mToAddresses
android.support.v4.app.ShareCompat$IntentBuilder: java.util.ArrayList mCcAddresses
android.support.v4.app.ShareCompat$IntentBuilder: java.util.ArrayList mBccAddresses
android.support.v4.app.ShareCompat$IntentBuilder: java.util.ArrayList mStreams
android.support.v4.app.ShareCompat$IntentBuilder: android.support.v4.app.ShareCompat$IntentBuilder from(android.app.Activity)
android.support.v4.app.ShareCompat$IntentBuilder: ShareCompat$IntentBuilder(android.app.Activity)
android.support.v4.app.ShareCompat$IntentBuilder: android.content.Intent getIntent()
android.support.v4.app.ShareCompat$IntentBuilder: android.app.Activity getActivity()
android.support.v4.app.ShareCompat$IntentBuilder: void combineArrayExtra(java.lang.String,java.util.ArrayList)
android.support.v4.app.ShareCompat$IntentBuilder: void combineArrayExtra(java.lang.String,java.lang.String[])
android.support.v4.app.ShareCompat$IntentBuilder: android.content.Intent createChooserIntent()
android.support.v4.app.ShareCompat$IntentBuilder: void startChooser()
android.support.v4.app.ShareCompat$IntentReader
android.support.v4.app.ShareCompat$IntentReader: java.lang.String TAG
android.support.v4.app.ShareCompat$IntentReader: android.app.Activity mActivity
android.support.v4.app.ShareCompat$IntentReader: android.content.Intent mIntent
android.support.v4.app.ShareCompat$IntentReader: java.lang.String mCallingPackage
android.support.v4.app.ShareCompat$IntentReader: android.content.ComponentName mCallingActivity
android.support.v4.app.ShareCompat$IntentReader: java.util.ArrayList mStreams
android.support.v4.app.ShareCompat$IntentReader: android.support.v4.app.ShareCompat$IntentReader from(android.app.Activity)
android.support.v4.app.ShareCompat$IntentReader: ShareCompat$IntentReader(android.app.Activity)
android.support.v4.app.ShareCompat$IntentReader: boolean isShareIntent()
android.support.v4.app.ShareCompat$IntentReader: boolean isSingleShare()
android.support.v4.app.ShareCompat$IntentReader: boolean isMultipleShare()
android.support.v4.app.ShareCompat$IntentReader: java.lang.String getType()
android.support.v4.app.ShareCompat$IntentReader: java.lang.CharSequence getText()
android.support.v4.app.ShareCompat$IntentReader: java.lang.String getHtmlText()
android.support.v4.app.ShareCompat$IntentReader: android.net.Uri getStream()
android.support.v4.app.ShareCompat$IntentReader: android.net.Uri getStream(int)
android.support.v4.app.ShareCompat$IntentReader: int getStreamCount()
android.support.v4.app.ShareCompat$ShareCompatImpl
android.support.v4.app.ShareCompat$ShareCompatImpl: void configureMenuItem(android.view.MenuItem,android.support.v4.app.ShareCompat$IntentBuilder)
android.support.v4.app.ShareCompat$ShareCompatImpl: java.lang.String escapeHtml(java.lang.CharSequence)
android.support.v4.app.ShareCompat$ShareCompatImplBase
android.support.v4.app.ShareCompat$ShareCompatImplBase: ShareCompat$ShareCompatImplBase()
android.support.v4.app.ShareCompat$ShareCompatImplBase: void configureMenuItem(android.view.MenuItem,android.support.v4.app.ShareCompat$IntentBuilder)
android.support.v4.app.ShareCompat$ShareCompatImplBase: java.lang.String escapeHtml(java.lang.CharSequence)
android.support.v4.app.ShareCompat$ShareCompatImplBase: void withinStyle(java.lang.StringBuilder,java.lang.CharSequence,int,int)