Xmu Lecture Original/proguard/mapping.txt
com.lecture.lectureapp.AboutPages -> com.lecture.lectureapp.AboutPages:
    java.lang.String whichPage -> a
    void onCreate(android.os.Bundle) -> onCreate
com.lecture.lectureapp.Appstart -> com.lecture.lectureapp.Appstart:
    android.content.SharedPreferences preferences -> a
    void onCreate(android.os.Bundle) -> onCreate
com.lecture.lectureapp.Appstart$1 -> com.lecture.lectureapp.a:
    com.lecture.lectureapp.Appstart this$0 -> a
    void run() -> run
com.lecture.lectureapp.Appstart$2 -> com.lecture.lectureapp.b:
    com.lecture.lectureapp.Appstart this$0 -> a
    void run() -> run
com.lecture.lectureapp.CommentView -> com.lecture.lectureapp.CommentView:
    android.widget.EditText commentEditText -> b
    android.widget.Button commentButton -> c
    com.lecture.localdata.Event toCommentEvent -> d
    com.lecture.localdata.Comment comment -> e
    java.lang.String commentReplay -> f
    android.widget.LinearLayout commentHeaderLeftLinearLayout -> a
    android.app.ProgressDialog mProgressDialog -> g
    android.os.Handler submitHandler -> h
    void onCreate(android.os.Bundle) -> onCreate
    java.lang.Boolean isValidComment(java.lang.String) -> a
    void submitComment(com.lecture.localdata.Comment) -> a
    java.lang.String generateXML(com.lecture.localdata.Comment) -> b
    void submitGo(java.lang.String) -> b
    java.lang.String charConvert(java.lang.String) -> c
    void access$0(com.lecture.lectureapp.CommentView,android.app.ProgressDialog) -> a
    android.app.ProgressDialog access$1(com.lecture.lectureapp.CommentView) -> a
    com.lecture.localdata.Comment access$2(com.lecture.lectureapp.CommentView) -> b
    android.widget.EditText access$3(com.lecture.lectureapp.CommentView) -> c
    void access$4(com.lecture.lectureapp.CommentView,com.lecture.localdata.Comment) -> a
    com.lecture.localdata.Event access$5(com.lecture.lectureapp.CommentView) -> d
    java.lang.String access$6(com.lecture.lectureapp.CommentView) -> e
    android.os.Handler access$7(com.lecture.lectureapp.CommentView) -> f
com.lecture.lectureapp.CommentView$1 -> com.lecture.lectureapp.c:
    com.lecture.lectureapp.CommentView this$0 -> a
    void handleMessage(android.os.Message) -> handleMessage
com.lecture.lectureapp.CommentView$2 -> com.lecture.lectureapp.d:
    com.lecture.lectureapp.CommentView this$0 -> a
    void onClick(android.view.View) -> onClick
com.lecture.lectureapp.CommentView$3 -> com.lecture.lectureapp.e:
    com.lecture.lectureapp.CommentView this$0 -> a
    void onClick(android.view.View) -> onClick
com.lecture.lectureapp.CommentView$4 -> com.lecture.lectureapp.f:
    com.lecture.lectureapp.CommentView this$0 -> a
    void onStart() -> a
    void onEnd() -> b
    void onNoInternet() -> c
...
android.support.v4.app.NotificationCompat$NotificationCompatImplIceCreamSandwich -> android.support.v4.app.NotificationCompat$NotificationCompatImplIceCreamSandwich:
    android.app.Notification build(android.support.v4.app.NotificationCompat$Builder) -> build
android.support.v4.app.NotificationCompat$NotificationCompatImplJellybean -> android.support.v4.app.NotificationCompat$NotificationCompatImplJellybean:
    android.app.Notification build(android.support.v4.app.NotificationCompat$Builder) -> build
android.support.v4.app.NotificationCompat$Style -> android.support.v4.app.NotificationCompat$Style:
    android.support.v4.app.NotificationCompat$Builder mBuilder -> mBuilder
    java.lang.CharSequence mBigContentTitle -> mBigContentTitle
    java.lang.CharSequence mSummaryText -> mSummaryText
    boolean mSummaryTextSet -> mSummaryTextSet
    void setBuilder(android.support.v4.app.NotificationCompat$Builder) -> setBuilder
    android.app.Notification build() -> build
android.support.v4.app.NotificationCompatGingerbread -> android.support.v4.app.NotificationCompatGingerbread:
    android.app.Notification add(android.app.Notification,android.content.Context,java.lang.CharSequence,java.lang.CharSequence,android.app.PendingIntent,android.app.PendingIntent) -> add
android.support.v4.app.NotificationCompatHoneycomb -> android.support.v4.app.NotificationCompatHoneycomb:
    android.app.Notification add(android.content.Context,android.app.Notification,java.lang.CharSequence,java.lang.CharSequence,java.lang.CharSequence,android.widget.RemoteViews,int,android.app.PendingIntent,android.app.PendingIntent,android.graphics.Bitmap) -> add
android.support.v4.app.NotificationCompatIceCreamSandwich -> android.support.v4.app.NotificationCompatIceCreamSandwich:
    android.app.Notification add(android.content.Context,android.app.Notification,java.lang.CharSequence,java.lang.CharSequence,java.lang.CharSequence,android.widget.RemoteViews,int,android.app.PendingIntent,android.app.PendingIntent,android.graphics.Bitmap,int,int,boolean) -> add
android.support.v4.app.NotificationCompatJellybean -> android.support.v4.app.NotificationCompatJellybean:
    android.app.Notification$Builder b -> b
    void addAction(int,java.lang.CharSequence,android.app.PendingIntent) -> addAction
    void addBigTextStyle(java.lang.CharSequence,boolean,java.lang.CharSequence,java.lang.CharSequence) -> addBigTextStyle
    void addBigPictureStyle(java.lang.CharSequence,boolean,java.lang.CharSequence,android.graphics.Bitmap,android.graphics.Bitmap,boolean) -> addBigPictureStyle
    void addInboxStyle(java.lang.CharSequence,boolean,java.lang.CharSequence,java.util.ArrayList) -> addInboxStyle
    android.app.Notification build() -> build
android.support.v4.app.ServiceCompat -> android.support.v4.app.ServiceCompat:
    int START_STICKY -> START_STICKY
android.support.v4.app.ShareCompat -> android.support.v4.app.ShareCompat:
    java.lang.String EXTRA_CALLING_PACKAGE -> EXTRA_CALLING_PACKAGE
    java.lang.String EXTRA_CALLING_ACTIVITY -> EXTRA_CALLING_ACTIVITY
    android.support.v4.app.ShareCompat$ShareCompatImpl IMPL -> IMPL
    java.lang.String getCallingPackage(android.app.Activity) -> getCallingPackage
    android.content.ComponentName getCallingActivity(android.app.Activity) -> getCallingActivity
    void configureMenuItem(android.view.MenuItem,android.support.v4.app.ShareCompat$IntentBuilder) -> configureMenuItem
    void configureMenuItem(android.view.Menu,int,android.support.v4.app.ShareCompat$IntentBuilder) -> configureMenuItem
    android.support.v4.app.ShareCompat$ShareCompatImpl access$000() -> access$000