Xmu Lecture Original/proguard/usage.txt
com.lecture.lectureapp.Appstart:
    private java.io.OutputStream os
com.lecture.lectureapp.BuildConfig
com.lecture.lectureapp.CommentView:
    private static final int MESSAGE_SUBMIT_START
    private static final int MESSAGE_SUBMIT_END
    private static final int MESSAGE_SUBMIT_FAILED
com.lecture.lectureapp.DetailView:
    private android.widget.ImageView iv1
    private android.widget.ListView commentListView
    private static final int MESSAGE_DOWNLOAD_DETAIL_START
    private static final int MESSAGE_DOWNLOAD_DETAIL_END
    private static final int MESSAGE_DOWNLOAD_DETAIL_FAILED
    private static final int MESSAGE_DOWNLOAD_COMMENTS_START
    private static final int MESSAGE_DOWNLOAD_COMMENTS_END
    private static final int MESSAGE_DOWNLOAD_COMMENTS_FAILED
    private android.app.ProgressDialog mProgressDialog
com.lecture.lectureapp.DetailView$DetailItemLinearLayout:
    720:723:public DetailView$DetailItemLinearLayout(com.lecture.lectureapp.DetailView,android.content.Context,android.util.AttributeSet)
    726:729:public DetailView$DetailItemLinearLayout(com.lecture.lectureapp.DetailView,android.content.Context,android.util.AttributeSet,int)
com.lecture.lectureapp.DetailView$FootItemLinearLayout:
    745:748:public DetailView$FootItemLinearLayout(com.lecture.lectureapp.DetailView,android.content.Context,android.util.AttributeSet)
    751:754:public DetailView$FootItemLinearLayout(com.lecture.lectureapp.DetailView,android.content.Context,android.util.AttributeSet,int)
com.lecture.lectureapp.HotMyadapter:
    115:121:public HotMyadapter(android.content.Context)
com.lecture.lectureapp.MainView:
    public static final java.lang.String DB_NAME
    private android.widget.LinearLayout mClose
    private android.widget.LinearLayout mCloseBtn
    private android.view.View layout
    private android.widget.PopupWindow menuWindow
    private android.view.LayoutInflater inflater
    private android.view.View viewFooter
    private android.widget.TextView foot_TextView
    private static final int MESSAGE_REFRESH_START
    private static final int MESSAGE_REFRESH_END
    private static final int MESSAGE_REFRESH_FAILED
    private static final int MESSAGE_PULL_REFRESH_START
    private static final int MESSAGE_PULL_REFRESH_END
    private static final int MESSAGE_PULL_REFRESH_FAILED
    private static final int MESSAGE_PULL_REFRESH_LISTVIEW
com.lecture.lectureapp.MainView$MainItemFootLinearLayout:
    1559:1562:public MainView$MainItemFootLinearLayout(com.lecture.lectureapp.MainView,android.content.Context,android.util.AttributeSet)
    1565:1568:public MainView$MainItemFootLinearLayout(com.lecture.lectureapp.MainView,android.content.Context,android.util.AttributeSet,int)
com.lecture.lectureapp.R:
    10:10:public R()
com.lecture.lectureapp.RefreshCenter:
    public static final java.lang.String DB_NAME
    private static final int MESSAGE_REFRESH_START
    private static final int MESSAGE_REFRESH_END
    private static final int MESSAGE_REFRESH_FAILED
com.lecture.lectureapp.RemindMyadapter:
    115:121:public RemindMyadapter(android.content.Context)
com.lecture.lectureapp.SubmitCenter:
    private static final int MESSAGE_SUBMIT_START
    private static final int MESSAGE_SUBMIT_END
    private static final int MESSAGE_SUBMIT_FAILED
com.lecture.lectureapp.SubscribeMyadapter:
    115:121:public SubscribeMyadapter(android.content.Context)
com.lecture.lectureapp.wxapi.WXEntryActivity:
    public static final java.lang.String APP_ID
    com.lecture.localdata.Event eventToShare
    java.lang.String shareDirection
...
com.lecture.DBCenter.DBCenter:
    public static final java.lang.String LECTURE_TABLE
    public static final java.lang.String COLLECTION_TABLE
    public static final java.lang.String LIKE_TABLE
    120:129:public android.database.Cursor likeSelect(android.database.sqlite.SQLiteDatabase)
    294:308:public static java.util.List L_converCursorToList(android.database.Cursor)
    402:404:public DBCenter(android.content.Context,java.lang.String,android.database.sqlite.SQLiteDatabase$CursorFactory,int)
    408:410:public DBCenter(android.content.Context,java.lang.String,android.database.sqlite.SQLiteDatabase$CursorFactory,int,android.database.DatabaseErrorHandler)
com.lecture.SettingAndSubmit.SettingsCenter:
    70:70:public java.lang.String getWeekdaySettings()
    73:73:public java.lang.String getPlaceSettings()
com.lecture.layoutUtil.RefreshableView:
    public static final int STATUS_PULL_TO_REFRESH
    public static final int STATUS_RELEASE_TO_REFRESH
    public static final int STATUS_REFRESHING
    public static final int STATUS_REFRESH_FINISHED
    public static final int SCROLL_SPEED
    public static final long ONE_MINUTE
    public static final long ONE_HOUR
    public static final long ONE_DAY
    public static final long ONE_MONTH
    public static final long ONE_YEAR
    private static final java.lang.String UPDATED_AT
com.lecture.localdata.Comment:
    58:58:public java.lang.String getCommentDate()
com.lecture.localdata.DetailInfo:
    54:54:public java.util.List getKinds()
    58:59:public void setKinds(java.util.List)
    62:62:public java.util.List getKeyWords()
    66:67:public void setKeyWords(java.util.List)
com.lecture.localdata.Event:
    175:175:public com.lecture.localdata.DetailInfo getDetailInfo()
    179:180:public void setDetailInfo(com.lecture.localdata.DetailInfo)
    183:183:public boolean isCalender()
    187:188:public void setCalender(boolean)
    211:212:public void setReminderInfo(com.lecture.localdata.ReminderInfo)
    233:237:public com.lecture.localdata.Event merger(com.lecture.localdata.Event)
com.lecture.util.GetCommentUtil:
    private static final java.lang.String fileName
    51:53:public static boolean isContainInfo(android.content.Context)
com.lecture.util.GetDetailUtil:
    private static final java.lang.String fileName
    52:54:public static boolean isContainInfo(android.content.Context)
com.lecture.util.GetEventsHttpUtil:
    private static final java.lang.String fileName
    43:45:public static boolean isContainInfo(android.content.Context)
com.lecture.util.StatusInterface:
    22:24:public StatusInterface()
com.lecture.util.XmlUtil:
    18:18:public XmlUtil()
com.tencent.mm.sdk.constants.Build
com.tencent.mm.sdk.constants.ConstantsAPI
com.tencent.mm.sdk.constants.ConstantsAPI$Token
com.tencent.mm.sdk.constants.ConstantsAPI$WXApp
com.tencent.mm.sdk.modelbase.BaseResp$ErrCode
com.tencent.mm.sdk.modelmsg.GetMessageFromWX:
    private GetMessageFromWX()
com.tencent.mm.sdk.modelmsg.GetMessageFromWX$Req:
    public java.lang.String username
com.tencent.mm.sdk.modelmsg.GetMessageFromWX$Resp
com.tencent.mm.sdk.modelmsg.LaunchFromWX:
    private LaunchFromWX()
com.tencent.mm.sdk.modelmsg.LaunchFromWX$Resp
com.tencent.mm.sdk.modelmsg.SendAuth:
    private SendAuth()
com.tencent.mm.sdk.modelmsg.SendAuth$Req
com.tencent.mm.sdk.modelmsg.SendAuth$Resp:
    private static final java.lang.String TAG
    private static final int LENGTH_LIMIT
com.tencent.mm.sdk.modelmsg.SendMessageToWX:
    private SendMessageToWX()
com.tencent.mm.sdk.modelmsg.SendMessageToWX$Req:
    public static final int WXSceneSession
    public static final int WXSceneTimeline
    public static final int WXSceneFavorite
    private static final java.lang.String TAG
    private static final int FAV_CONTENT_LENGTH_LIMIT
    public SendMessageToWX$Req(android.os.Bundle)
com.tencent.mm.sdk.modelmsg.ShowMessageFromWX:
    private ShowMessageFromWX()
com.tencent.mm.sdk.modelmsg.ShowMessageFromWX$Resp